0 info it worked if it ends with ok
1 verbose cli [ 'node',
1 verbose cli   '/Users/lee/opt/node/bin/npm',
1 verbose cli   'run',
1 verbose cli   'update-index-async' ]
2 info using npm@1.4.4
3 info using node@v0.10.17
4 verbose node symlink /Users/lee/opt/node/bin/node
5 error Error: ENOENT, open '/Users/lee/var/proj/mm-automata/code/master/server/package.json'
6 error If you need help, you may report this *entire* log,
6 error including the npm and node versions, at:
6 error     <http://github.com/npm/npm/issues>
7 error System Darwin 13.4.0
8 error command "node" "/Users/lee/opt/node/bin/npm" "run" "update-index-async"
9 error cwd /Users/lee/var/proj/mm-automata/code/master/server
10 error node -v v0.10.17
11 error npm -v 1.4.4
12 error path /Users/lee/var/proj/mm-automata/code/master/server/package.json
13 error code ENOENT
14 error errno 34
15 verbose exit [ 34, true ]
